
######################oOOOo###########oOOOo##########################
#  HqFpga(TM) Release V2.14.4 (Winter 2023) Build 021824
#  [网表报告]
#####################################################################
日期 : Sat Jul 20 08:40:22 2024

Library U_ARCH
+-----------+------+
| Cell 名称 | 数量 |
+-----------+------+
| PIO       |   43 |
| IOLOGIC   |    7 |
| PLL_25K   |    1 |
| CM33      |    1 |
| SLICEL    |  245 |
| TIEOFF    |   43 |
+-----------+------+
| Sum       |  340 |
+-----------+------+

Library work
+-----------+------+
| Cell 名称 | 数量 |
+-----------+------+
| fpga_cm33 |    1 |
+-----------+------+
| Sum       |    1 |
+-----------+------+

** Routing resource usage summary **
===========================================
Wire Type      Number    Total       Ratio     
-------------------------------------------
X1V            1041      77266        1.3%
X2V            560       44152        1.3%
X6V            388       44152        0.9%
X1H            762       88304        0.9%
X2H            975       132456       0.7%
X6H            367       88304        0.4%
LH             35        11038        0.3%
LV             335       11038        3.0%
LB             392       11038        3.6%
===========================================
