
######################oOOOo###########oOOOo##########################
#  HqFpga(TM) Release V2.14.4 (Winter 2023) Build 021824
#  [网表报告]
#####################################################################
日期 : Sat Jul 20 01:28:32 2024

Library U_SYN
+----------------+------+
| Cell 名称      | 数量 |
+----------------+------+
| xsIOBB         |   33 |
| xsCM33         |    1 |
| xsPLLSA        |    1 |
| xsXORCY        |   39 |
| xsMUXCY        |   42 |
| xsMUXF7        |   21 |
| xsLROM32X1     |    8 |
| xsMUXF8        |    8 |
| xsIOBI         |    3 |
| xsIOBO         |    6 |
| xsDFFSA_K1     |    2 |
| xsDFFSA_K1P1   |    1 |
| xsDFFSA_K1C1   |   59 |
| xsDFFSA_K1C1E1 |   76 |
| xsLUTSA2       |   39 |
| xsLUTSA4       |   27 |
| xsLUTSA3       |   24 |
| xsLUTSA6       |   32 |
| xsLUTSA5       |   21 |
| xsINVSA        |   37 |
+----------------+------+
| Sum            |  480 |
+----------------+------+

Library work
+-----------+------+
| Cell 名称 | 数量 |
+-----------+------+
| fpga_cm33 |    1 |
+-----------+------+
| Sum       |    1 |
+-----------+------+

##########oOOOo###########oOOOo##############
#  HqFpga(TM) Release V2.14.4 (Winter 2023) Build 021824
#  [资源利用率报告]
#############################################
日期 : Sat Jul 20 01:28:32 2024
器件 : SA5Z-50-D0-7U324C

** 资源利用情况  ** 
+---------------+--------------+----------+---------------+
| 资源类型      | 资源使用数目 | 资源总数 | 资源占用率(%) |
+---------------+--------------+----------+---------------+
| 输入输出块    |           42 |      210 |          20 % |
| 查找表        |          151 |    33920 |           1 % |
| 触发器/锁存器 |          138 |    67840 |           1 % |
| PLL           |            1 |        6 |          16 % |
+---------------+--------------+----------+---------------+
